[2025-12-13 21:15:20] Doing system update. Run only once in script.
[2025-12-13 21:20:40] Doing system update. Run only once in script.
[2025-12-13 21:23:30] Doing system update. Run only once in script.
[2025-12-13 21:30:30] Doing system update. Run only once in script.
[2025-12-13 21:35:09] Doing system update. Run only once in script.
[2025-12-13 21:35:13] Chyba v příkazu: "$@" na řádku 48
[2025-12-13 21:38:43] Doing system update. Run only once in script.
[2025-12-13 21:38:51] Chyba v příkazu: "$@" na řádku 48 skriptu. Ukončuji skript.
[2025-12-13 21:54:47] Doing system update. Run only once in script.
[2025-12-13 21:54:56] Instalation of utilities used by script to make operations...
[2025-12-13 21:54:58] Ready. All subscripts in tasks directory are now executable.
[2025-12-13 21:54:59] Parsing executable files from folder /home/shipper/Dokumenty/linux-script/tasks
[2025-12-13 21:56:15] Doing system update. Run only once in script.
[2025-12-13 21:56:19] Instalation of utilities used by script to make operations...
[2025-12-13 21:56:21] Ready. All subscripts in tasks directory are now executable.
[2025-12-13 21:56:22] Parsing executable files from folder /home/shipper/Dokumenty/linux-script/tasks
[2025-12-13 22:03:50] Doing system update. Run only once in script.
[2025-12-13 22:03:57] Instalation of utilities used by script to make operations...
[2025-12-13 22:03:59] All subscripts in tasks directory are now executable.
[2025-12-13 22:04:00] Parsing executable files from folder /home/shipper/Dokumenty/linux-script/tasks
[2025-12-13 22:04:02] Subscript /home/shipper/Dokumenty/linux-script/tasks/01-wireguard-gui.sh doesn't have task_run() function. Exiting.
[2025-12-13 22:07:09] Doing system update. Run only once in script.
[2025-12-13 22:07:16] Instalation of utilities used by script to make operations...
[2025-12-13 22:07:18] Ready. All subscripts in tasks directory are now executable.
[2025-12-13 22:07:20] Parsing executable files from folder /home/shipper/Dokumenty/linux-script/tasks
[2025-12-13 22:47:08] Doing system update. Run only once in script.
[2025-12-13 22:47:13] Installing utilities used by the script...
[2025-12-13 22:47:15] All scripts in tasks directory are now executable.
[2025-12-13 22:47:31] Neexistující položka v menu, přeskakuji: 3
[2025-12-13 22:47:32] Skript doběhl do konce. Ukončuji...
[2025-12-13 22:47:44] Doing system update. Run only once in script.
[2025-12-13 22:47:48] Installing utilities used by the script...
[2025-12-13 22:47:49] All scripts in tasks directory are now executable.
[2025-12-13 22:47:52] Starting execution of: [03] Instalovat Screen - TABy v terminálu.
[2025-12-13 22:47:54] Finished: [03] Instalovat Screen - TABy v terminálu.
[2025-12-13 22:47:55] Skript doběhl do konce. Ukončuji...
[2025-12-13 22:50:19] Doing system update. Run only once in script.
[2025-12-13 22:50:23] Installing utilities used by the script...
[2025-12-13 22:50:25] Všechny subskripty ve složce tasks jsou nyní spustitelné.
[2025-12-13 22:50:26] Načítám subskripty z /home/shipper/Dokumenty/linux-script/tasks...
[2025-12-13 22:50:34] Neexistující položka v menu, přeskakuji: 3
[2025-12-13 22:50:35] Skript doběhl do konce. Ukončuji...
[2025-12-13 22:50:39] Doing system update. Run only once in script.
[2025-12-13 22:50:57] Installing utilities used by the script...
[2025-12-13 22:50:58] Všechny subskripty ve složce tasks jsou nyní spustitelné.
[2025-12-13 22:50:59] Načítám subskripty z /home/shipper/Dokumenty/linux-script/tasks...
[2025-12-13 22:51:07] Neexistující položka v menu, přeskakuji: 03
[2025-12-13 22:51:08] Neexistující položka v menu, přeskakuji: 04
[2025-12-13 22:51:09] Skript doběhl do konce. Ukončuji...
[2025-12-13 22:51:15] Doing system update. Run only once in script.
[2025-12-13 22:51:49] Installing utilities used by the script...
[2025-12-13 22:51:51] Všechny subskripty ve složce tasks jsou nyní spustitelné.
[2025-12-13 22:51:52] Načítám subskripty z /home/shipper/Dokumenty/linux-script/tasks...
[2025-12-13 22:51:56] Neexistující položka v menu, přeskakuji: 3
[2025-12-13 22:51:57] Neexistující položka v menu, přeskakuji: 4
[2025-12-13 22:51:58] Skript doběhl do konce. Ukončuji...
[2025-12-13 22:53:30] Doing system update. Run only once in script.
[2025-12-13 22:53:38] Installing utilities used by the script...
[2025-12-13 22:53:40] Všechny subskripty ve složce tasks jsou nyní spustitelné.
[2025-12-13 22:53:41] Načítám subskripty z /home/shipper/Dokumenty/linux-script/tasks...
[2025-12-13 22:53:50] Spouštím úlohu: [2] Sjednotit zápis času mezi Windows a Linux systémem.
[2025-12-13 21:53:50] Úloha [2] Sjednotit zápis času mezi Windows a Linux systémem. dokončena.
[2025-12-13 22:53:52] Spouštím úlohu: [3] Instalovat Screen - TABy v terminálu.
[2025-12-13 22:53:54] Úloha [3] Instalovat Screen - TABy v terminálu. dokončena.
[2025-12-13 22:53:55] Skript doběhl do konce. Ukončuji...
[2025-12-13 22:54:56] Doing system update. Run only once in script.
[2025-12-13 22:55:01] Installing utilities used by the script...
[2025-12-13 22:55:03] Všechny subskripty ve složce tasks jsou nyní spustitelné.
[2025-12-13 22:55:05] Načítám subskripty z /home/shipper/Dokumenty/linux-script/tasks...
[2025-12-13 22:55:15] Spouštím úlohu: [1] Instalovat Wireguard GUI.
[2025-12-13 22:55:28] Úloha [1] Instalovat Wireguard GUI. dokončena.
[2025-12-13 22:55:30] Spouštím úlohu: [2] Sjednotit zápis času mezi Windows a Linux systémem.
[2025-12-13 21:55:31] Úloha [2] Sjednotit zápis času mezi Windows a Linux systémem. dokončena.
[2025-12-13 22:55:34] Spouštím úlohu: [3] Instalovat Screen - TABy v terminálu.
[2025-12-13 22:55:37] Úloha [3] Instalovat Screen - TABy v terminálu. dokončena.
[2025-12-13 22:55:39] Spouštím úlohu: [4] Instalovat Discord klienta.
[2025-12-13 22:55:41] Úloha [4] Instalovat Discord klienta. dokončena.
[2025-12-13 22:55:43] Spouštím úlohu: [5] Instalovat Signal klienta.
[2025-12-13 22:55:45] Úloha [5] Instalovat Signal klienta. dokončena.
[2025-12-13 22:55:47] Skript doběhl do konce. Ukončuji...
[2025-12-13 22:57:23] Doing system update. Run only once in script.
[2025-12-13 22:57:29] Installing utilities used by the script...
[2025-12-13 22:57:31] Všechny subskripty ve složce tasks jsou nyní nastavené jako spustitelné.
[2025-12-13 22:57:33] Načítám subskripty z /home/shipper/Dokumenty/linux-script/tasks...
[2025-12-13 22:59:39] Poslední update byl před méně než hodinou. Přeskakuji apt-get update/upgrade.
[2025-12-13 22:59:41] Installing utilities used by the script...
[2025-12-13 22:59:43] Všechny subskripty ve složce tasks jsou nyní nastavené jako spustitelné.
[2025-12-13 22:59:45] Načítám subskripty z /home/shipper/Dokumenty/linux-script/tasks...
[2025-12-13 23:03:49] Poslední update byl před méně než hodinou. Přeskakuji apt-get update/upgrade.
[2025-12-13 23:03:51] Installing utilities used by the script...
[2025-12-13 23:03:54] Všechny subskripty ve složce tasks jsou nyní nastavené jako spustitelné.
[2025-12-13 23:03:56] Načítám subskripty z /home/shipper/Dokumenty/linux-script/tasks...
[2025-12-13 23:04:06] Spouštím úlohu: [4] Nastavit GIT verzovací nástroj pro spolupráci s github.com
[2025-12-13 23:10:49] Poslední update byl před méně než hodinou. Přeskakuji apt-get update/upgrade.
[2025-12-13 23:10:51] Installing utilities used by the script...
[2025-12-13 23:10:53] Všechny subskripty ve složce tasks jsou nyní nastavené jako spustitelné.
[2025-12-13 23:10:55] Načítám subskripty z /home/shipper/Dokumenty/linux-script/tasks...
[2025-12-13 23:11:03] Spouštím úlohu: [4] Nastavit GIT verzovací nástroj pro spolupráci s github.com
[2025-12-13 23:11:05] Chyba při vykonávání úlohy [4] Nastavit GIT verzovací nástroj pro spolupráci s github.com. Skript končí.
[2025-12-13 23:14:45] Poslední update byl před méně než hodinou. Přeskakuji apt-get update/upgrade.
[2025-12-13 23:14:47] Installing utilities used by the script...
[2025-12-13 23:14:49] Všechny subskripty ve složce tasks jsou nyní nastavené jako spustitelné.
[2025-12-13 23:14:51] Načítám subskripty z /home/shipper/Dokumenty/linux-script/tasks...
[2025-12-13 23:14:55] Spouštím úlohu: [4] Nastavit GIT verzovací nástroj pro spolupráci s github.com
[2025-12-13 23:14:57] Testuji SSH spojení s GitHubem...
[2025-12-13 23:15:09] Dokončeno: [4] Nastavit GIT verzovací nástroj pro spolupráci s github.com
[2025-12-13 23:15:11] Skript doběhl do konce. Ukončuji...
